{
  "Records": [
    {
      "eventTime": "2025-07-12T04:45:23Z",
      "eventName": "GetObject",
      "userIdentity": {
        "type": "IAMUser",
        "userName": "h4ck3r"
      },
      "requestParameters": {
        "bucketName": "dronecrop-images",
        "key": "field-23/scan1.jpg"
      },
      "sourceIPAddress": "91.203.119.5"
    },
    {
      "eventTime": "2025-07-12T04:50:42Z",
      "eventName": "DescribeInstances",
      "userIdentity": {
        "type": "IAMUser",
        "userName": "h4ck3r"
      },
      "sourceIPAddress": "91.203.119.5"
    },
    {
      "eventTime": "2025-07-12T05:02:11Z",
      "eventName": "StartInstances",
      "userIdentity": {
        "type": "IAMUser",
        "userName": "h4ck3r"
      },
      "sourceIPAddress": "91.203.119.5"
    }
  ]
}
